<?xml version="1.0" encoding="UTF-8"?>
<testng-results ignored="0" total="1" passed="1" failed="0" skipped="0">
  <reporter-output>
  </reporter-output>
  <suite started-at="2022-03-26T16:55:38Z" name="Default suite" finished-at="2022-03-26T16:55:46Z" duration-ms="7909">
    <groups>
    </groups>
    <test started-at="2022-03-26T16:55:38Z" name="Default test" finished-at="2022-03-26T16:55:46Z" duration-ms="7909">
      <class name="test.TestSel">
        <test-method signature="selenium_test01()[pri:0, instance:test.TestSel@20f5281c]" started-at="2022-03-26T10:55:38Z" name="selenium_test01" finished-at="2022-03-26T10:55:46Z" duration-ms="7835" status="PASS">
          <reporter-output>
          </reporter-output>
        </test-method> <!-- selenium_test01 -->
      </class> <!-- test.TestSel -->
    </test> <!-- Default test -->
  </suite> <!-- Default suite -->
</testng-results>
